<?xml version="1.0" encoding="UTF-8"?>
<testsuite name="com.orderservice.ddd.application.service.OrderPaymentServiceTest" tests="1" skipped="0" failures="0" errors="0" timestamp="2026-03-08T18:34:36.086Z" hostname="ANDREY" time="0.032">
  <properties/>
  <testcase name="shouldMarkOrderAsPaidWhenTotalAmountReached()" classname="com.orderservice.ddd.application.service.OrderPaymentServiceTest" time="0.021"/>
  <system-out><![CDATA[]]></system-out>
  <system-err><![CDATA[]]></system-err>
</testsuite>
